62:M 10 Jul 2020 11:39:20.476 # User requested shutdown...
62:M 10 Jul 2020 11:39:20.476 * Saving the final RDB snapshot before exiting.
62:M 10 Jul 2020 11:39:20.480 * DB saved on disk
62:M 10 Jul 2020 11:39:20.480 * Removing the pid file.
62:M 10 Jul 2020 11:39:20.480 # Redis is now ready to exit, bye bye...
72:C 10 Jul 2020 11:39:20.485 # oO0OoO0OoO0Oo Redis is starting oO0OoO0OoO0Oo
72:C 10 Jul 2020 11:39:20.485 # Redis version=5.0.8, bits=64, commit=00000000, modified=0, pid=72, just started
72:C 10 Jul 2020 11:39:20.485 # Configuration loaded
72:M 10 Jul 2020 11:39:20.486 * No cluster configuration found, I'm 1e90e44ba697a658dab232d889b49976a2be74d0
                _._                                                  
           _.-``__ ''-._                                             
      _.-``    `.  `_.  ''-._           Redis 5.0.8 (00000000/0) 64 bit
  .-`` .-```.  ```\/    _.,_ ''-._                                   
 (    '      ,       .-`  | `,    )     Running in cluster mode
 |`-._`-...-` __...-.``-._|'` _.-'|     Port: 6379
 |    `-._   `._    /     _.-'    |     PID: 72
  `-._    `-._  `-./  _.-'    _.-'                                   
 |`-._`-._    `-.__.-'    _.-'_.-'|                                  
 |    `-._`-._        _.-'_.-'    |           http://redis.io        
  `-._    `-._`-.__.-'_.-'    _.-'                                   
 |`-._`-._    `-.__.-'    _.-'_.-'|                                  
 |    `-._`-._        _.-'_.-'    |                                  
  `-._    `-._`-.__.-'_.-'    _.-'                                   
      `-._    `-.__.-'    _.-'                                       
          `-._        _.-'                                           
              `-.__.-'                                               

72:M 10 Jul 2020 11:39:20.491 # WARNING: The TCP backlog setting of 511 cannot be enforced because /proc/sys/net/core/somaxconn is set to the lower value of 128.
72:M 10 Jul 2020 11:39:20.491 # Server initialized
72:M 10 Jul 2020 11:39:20.491 # WARNING overcommit_memory is set to 0! Background save may fail under low memory condition. To fix this issue add 'vm.overcommit_memory = 1' to /etc/sysctl.conf and then reboot or run the command 'sysctl vm.overcommit_memory=1' for this to take effect.
72:M 10 Jul 2020 11:39:20.491 # WARNING you have Transparent Huge Pages (THP) support enabled in your kernel. This will create latency and memory usage issues with Redis. To fix this issue run the command 'echo never > /sys/kernel/mm/transparent_hugepage/enabled' as root, and add it to your /etc/rc.local in order to retain the setting after a reboot. Redis must be restarted after THP is disabled.
72:M 10 Jul 2020 11:39:20.491 * DB loaded from disk: 0.000 seconds
72:M 10 Jul 2020 11:39:20.491 * Ready to accept connections
